<?xml version="1.0" encoding="UTF-8"?>
<!-- Generated by org.testng.reporters.JUnitReportReporter -->
<testsuite hostname="DESKTOP-K87KMHG" failures="0" tests="1" name="testCases.TestSimple" time="3.631" errors="0" timestamp="2021-03-08T15:20:47 EST" skipped="0">
  <testcase classname="testCases.TestSimple" name="testSearch" time="3.631"/>
  <system-out/>
</testsuite> <!-- testCases.TestSimple -->
