<?xml version="1.0" encoding="UTF-8"?>
<!-- Generated by org.testng.reporters.JUnitReportReporter -->
<testsuite hostname="DESKTOP-K87KMHG" failures="0" tests="1" name="testCases.Test_GoogleSearchPageObject" time="7.363" errors="0" timestamp="2021-03-11T14:34:44 EST" skipped="0">
  <testcase classname="testCases.Test_GoogleSearchPageObject" name="testSearch" time="7.363"/>
  <system-out/>
</testsuite> <!-- testCases.Test_GoogleSearchPageObject -->
